#
# An unexpected error has been detected by Java Runtime Environment:
#
#  SIGSEGV (0xb) at pc=0x00007f50173d65a3, pid=11341, tid=1087080784
#
# Java VM: Java HotSpot(TM) 64-Bit Server VM (11.0-b15 mixed mode linux-amd64)
# Problematic frame:
# V  [libjvm.so+0x5e75a3]
#
# If you would like to submit a bug report, please visit:
#   http://java.sun.com/webapps/bugreport/crash.jsp
#

---------------  T H R E A D  ---------------

Current thread (0x0000000041193400):  JavaThread "JDWP Transport Listener: dt_socket" daemon [_thread_in_vm, id=11355, stack(0x0000000040bb8000,0x0000000040cb9000)]

siginfo:si_signo=SIGSEGV: si_errno=0, si_code=1 (SEGV_MAPERR), si_addr=0x0000000000000018

Registers:
RAX=0x0000000041193980, RBX=0x0000000000000010, RCX=0x0000000000000000, RDX=0x0000000000000000
RSP=0x0000000040cb7b60, RBP=0x0000000040cb7b60, RSI=0x0000000000000010, RDI=0x0000000000000018
R8 =0x0000000000000000, R9 =0x0000000000000000, R10=0x0000000000000000, R11=0x00000000411931f0
R12=0x0000000000000018, R13=0x0000000041193990, R14=0x0000000000000000, R15=0x0000000040cb7bc0
RIP=0x00007f50173d65a3, EFL=0x0000000000010287, CSGSFS=0x0030000000000033, ERR=0x0000000000000004
  TRAPNO=0x000000000000000e

Top of Stack: (sp=0x0000000040cb7b60)
0x0000000040cb7b60:   0000000040cb7b80 00007f50173d65f1
0x0000000040cb7b70:   0000000041193d68 00007f4fe41d11a0
0x0000000040cb7b80:   0000000040cb7b90 00007f50171083ef
0x0000000040cb7b90:   0000000040cb7c30 00007f501712f111
0x0000000040cb7ba0:   00000000411931f0 0000000041193980
0x0000000040cb7bb0:   0000000041193990 0000000041193d68
0x0000000040cb7bc0:   0000000041193400 0000000000000000
0x0000000040cb7bd0:   0000000041193400 0000000000000001
0x0000000040cb7be0:   0000000041193400 0000000000000001
0x0000000040cb7bf0:   0000000041193400 00007f50165278ff
0x0000000040cb7c00:   00007f4fe41d11a0 0000000040cb7e20
0x0000000040cb7c10:   0000000040cb7c90 00007f4fe41d11a0
0x0000000040cb7c20:   00007f5016633d30 00000000405a49c0
0x0000000040cb7c30:   00000000411935c0 00007f501650776d
0x0000000040cb7c40:   0000000040cb7c90 0000000040cb7e50
0x0000000040cb7c50:   0000000040cb7e20 00007f5016633d30
0x0000000040cb7c60:   0000000000000001 00007f501650f71b
0x0000000040cb7c70:   0000872b00000013 0000000041010a00
0x0000000040cb7c80:   00007f4fe417d630 0000000040cb7c90
0x0000000040cb7c90:   0000000040cb7ce0 000000000000012c
0x0000000040cb7ca0:   0000000040cb7ca8 0000000000000000
0x0000000040cb7cb0:   0000000040cb7ce0 0000000000000000
0x0000000040cb7cc0:   0000000000000000 0000872b00000014
0x0000000040cb7cd0:   000000000000b680 0000000040cb7ce0
0x0000000040cb7ce0:   0300000000000001 657551746e6576fd
0x0000000040cb7cf0:   7f0000fd302d6575 000000d00d1de44f
0x0000000040cb7d00:   0000001100000000 0000010100b40000
0x0000000040cb7d10:   0000fd0300000000 0000b83b18e44f7f
0x0000000040cb7d20:   0000050000000000 00010200b4000000
0x0000000040cb7d30:   0006000000000000 0090b981ec4f7f00
0x0000000040cb7d40:   0004000000000000 010300b400000000
0x0000000040cb7d50:   4801000000000000 70351de44f7f0000 

Instructions: (pc=0x00007f50173d65a3)
0x00007f50173d6593:   55 45 31 c9 41 39 f0 48 89 e5 7d 1c 90 49 63 d1
0x00007f50173d65a3:   0f b7 0c 57 8d 51 ff 66 83 fa 7e 77 10 41 ff c0 

Stack: [0x0000000040bb8000,0x0000000040cb9000],  sp=0x0000000040cb7b60,  free space=1022k
Native frames: (J=compiled Java code, j=interpreted, Vv=VM code, C=native code)
V  [libjvm.so+0x5e75a3]
V  [libjvm.so+0x5e75f1]
V  [libjvm.so+0x3193ef]
V  [libjvm.so+0x340111]


---------------  P R O C E S S  ---------------

Java Threads: ( => current thread )
  0x00000000411e3c00 JavaThread "AWT-EventQueue-0" [_thread_blocked, id=11638, stack(0x00000000402d7000,0x00000000403d8000)]
  0x00000000411e0800 JavaThread "TimerQueue" daemon [_thread_blocked, id=11590, stack(0x0000000040f08000,0x0000000041009000)]
  0x00007f4fe42fb800 JavaThread "DestroyJavaVM" [_thread_blocked, id=11344, stack(0x00000000404a6000,0x00000000405a7000)]
  0x00007f4fe4174800 JavaThread "AWT-EventQueue-0" [_thread_blocked, id=11372, stack(0x0000000040cb9000,0x0000000040dba000)]
  0x00007f4fe4173400 JavaThread "AWT-Shutdown" [_thread_blocked, id=11371, stack(0x00000000421a3000,0x00000000422a4000)]
  0x00007f4fe4030c00 JavaThread "AWT-XAWT" daemon [_thread_in_native, id=11368, stack(0x00000000420a2000,0x00000000421a3000)]
  0x00000000412af800 JavaThread "Java2D Disposer" daemon [_thread_blocked, id=11367, stack(0x0000000040e07000,0x0000000040f08000)]
  0x00000000411b9400 JavaThread "Low Memory Detector" daemon [_thread_blocked, id=11364, stack(0x0000000041745000,0x0000000041846000)]
  0x00000000411b6800 JavaThread "CompilerThread1" daemon [_thread_blocked, id=11363, stack(0x0000000041644000,0x0000000041745000)]
  0x00000000411af400 JavaThread "CompilerThread0" daemon [_thread_blocked, id=11362, stack(0x0000000041543000,0x0000000041644000)]
  0x0000000041199000 JavaThread "JDWP Command Reader" daemon [_thread_in_native, id=11359, stack(0x0000000040865000,0x0000000040966000)]
  0x0000000041196c00 JavaThread "JDWP Event Helper Thread" daemon [_thread_blocked, id=11357, stack(0x0000000041fa1000,0x00000000420a2000)]
=>0x0000000041193400 JavaThread "JDWP Transport Listener: dt_socket" daemon [_thread_in_vm, id=11355, stack(0x0000000040bb8000,0x0000000040cb9000)]
  0x0000000041187800 JavaThread "Signal Dispatcher" daemon [_thread_blocked, id=11353, stack(0x00000000401d6000,0x00000000402d7000)]
  0x000000004116a400 JavaThread "Finalizer" daemon [_thread_blocked, id=11351, stack(0x00000000413b4000,0x00000000414b5000)]
  0x0000000041163000 JavaThread "Reference Handler" daemon [_thread_blocked, id=11350, stack(0x00000000412b3000,0x00000000413b4000)]

Other Threads:
  0x000000004115d800 VMThread [stack: 0x00000000405a7000,0x00000000406a8000] [id=11349]
  0x00000000411bb800 WatcherThread [stack: 0x0000000041846000,0x0000000041947000] [id=11365]

VM state:not at safepoint (normal execution)

VM Mutex/Monitor currently owned by a thread: None

Heap
 PSYoungGen      total 9280K, used 3700K [0x00007f5008390000, 0x00007f5008de0000, 0x00007f50128e0000)
  eden space 8000K, 30% used [0x00007f5008390000,0x00007f50085f1300,0x00007f5008b60000)
  from space 1280K, 98% used [0x00007f5008b60000,0x00007f5008c9c018,0x00007f5008ca0000)
  to   space 1280K, 0% used [0x00007f5008ca0000,0x00007f5008ca0000,0x00007f5008de0000)
 PSOldGen        total 21120K, used 557K [0x00007f4ff38e0000, 0x00007f4ff4d80000, 0x00007f5008390000)
  object space 21120K, 2% used [0x00007f4ff38e0000,0x00007f4ff396b7f0,0x00007f4ff4d80000)
 PSPermGen       total 21248K, used 13206K [0x00007f4fee4e0000, 0x00007f4fef9a0000, 0x00007f4ff38e0000)
  object space 21248K, 62% used [0x00007f4fee4e0000,0x00007f4fef1c5b58,0x00007f4fef9a0000)

Dynamic libraries:
40000000-40009000 r-xp 00000000 08:03 178811                             /usr/lib/jvm/java-6-sun-1.6.0.10/jre/bin/java
40108000-4010a000 rwxp 00008000 08:03 178811                             /usr/lib/jvm/java-6-sun-1.6.0.10/jre/bin/java
401d6000-401d9000 ---p 401d6000 00:00 0 
401d9000-402d7000 rwxp 401d9000 00:00 0 
402d7000-402da000 ---p 402d7000 00:00 0 
402da000-403d8000 rwxp 402da000 00:00 0 
404a6000-404a9000 ---p 404a6000 00:00 0 
404a9000-405a7000 rwxp 404a9000 00:00 0 
405a7000-405a8000 ---p 405a7000 00:00 0 
405a8000-406a8000 rwxp 405a8000 00:00 0 
40865000-40868000 ---p 40865000 00:00 0 
40868000-40966000 rwxp 40868000 00:00 0 
40bb8000-40bbb000 ---p 40bb8000 00:00 0 
40bbb000-40cb9000 rwxp 40bbb000 00:00 0 
40cb9000-40cbc000 ---p 40cb9000 00:00 0 
40cbc000-40dba000 rwxp 40cbc000 00:00 0 
40e07000-40e0a000 ---p 40e07000 00:00 0 
40e0a000-40f08000 rwxp 40e0a000 00:00 0 
40f08000-40f0b000 ---p 40f08000 00:00 0 
40f0b000-41009000 rwxp 40f0b000 00:00 0 
410ea000-412b2000 rwxp 410ea000 00:00 0                                  [heap]
412b3000-412b6000 ---p 412b3000 00:00 0 
412b6000-413b4000 rwxp 412b6000 00:00 0 
413b4000-413b7000 ---p 413b4000 00:00 0 
413b7000-414b5000 rwxp 413b7000 00:00 0 
41543000-41546000 ---p 41543000 00:00 0 
41546000-41644000 rwxp 41546000 00:00 0 
41644000-41647000 ---p 41644000 00:00 0 
41647000-41745000 rwxp 41647000 00:00 0 
41745000-41748000 ---p 41745000 00:00 0 
41748000-41846000 rwxp 41748000 00:00 0 
41846000-41847000 ---p 41846000 00:00 0 
41847000-41947000 rwxp 41847000 00:00 0 
41d9f000-41da0000 ---p 41d9f000 00:00 0 
41da0000-41ea0000 rwxp 41da0000 00:00 0 
41ea0000-41ea1000 ---p 41ea0000 00:00 0 
41ea1000-41fa1000 rwxp 41ea1000 00:00 0 
41fa1000-41fa4000 ---p 41fa1000 00:00 0 
41fa4000-420a2000 rwxp 41fa4000 00:00 0 
420a2000-420a5000 ---p 420a2000 00:00 0 
420a5000-421a3000 rwxp 420a5000 00:00 0 
421a3000-421a6000 ---p 421a3000 00:00 0 
421a6000-422a4000 rwxp 421a6000 00:00 0 
7f4fe4000000-7f4fe4307000 rwxp 7f4fe4000000 00:00 0 
7f4fe4307000-7f4fe8000000 ---p 7f4fe4307000 00:00 0 
7f4feb37a000-7f4feb380000 rwxs 00000000 00:09 3997721                    /SYSV00000000 (deleted)
7f4feb380000-7f4feb880000 rwxp 7f4feb380000 00:00 0 
7f4feb880000-7f4feb887000 r-xp 00000000 08:03 178832                     /usr/lib/jvm/java-6-sun-1.6.0.10/jre/lib/amd64/libnio.so
7f4feb887000-7f4feb986000 ---p 00007000 08:03 178832                     /usr/lib/jvm/java-6-sun-1.6.0.10/jre/lib/amd64/libnio.so
7f4feb986000-7f4feb988000 rwxp 00006000 08:03 178832                     /usr/lib/jvm/java-6-sun-1.6.0.10/jre/lib/amd64/libnio.so
7f4feb988000-7f4feb99b000 r-xp 00000000 08:03 178831                     /usr/lib/jvm/java-6-sun-1.6.0.10/jre/lib/amd64/libnet.so
7f4feb99b000-7f4feba9c000 ---p 00013000 08:03 178831                     /usr/lib/jvm/java-6-sun-1.6.0.10/jre/lib/amd64/libnet.so
7f4feba9c000-7f4feba9f000 rwxp 00014000 08:03 178831                     /usr/lib/jvm/java-6-sun-1.6.0.10/jre/lib/amd64/libnet.so
7f4feba9f000-7f4febaa4000 r-xp 00000000 08:03 25432                      /usr/lib/libXfixes.so.3.1.0
7f4febaa4000-7f4febca3000 ---p 00005000 08:03 25432                      /usr/lib/libXfixes.so.3.1.0
7f4febca3000-7f4febca4000 rwxp 00004000 08:03 25432                      /usr/lib/libXfixes.so.3.1.0
7f4febca4000-7f4febcad000 r-xp 00000000 08:03 13504                      /usr/lib/libXrender.so.1.3.0
7f4febcad000-7f4febeac000 ---p 00009000 08:03 13504                      /usr/lib/libXrender.so.1.3.0
7f4febeac000-7f4febead000 r-xp 00008000 08:03 13504                      /usr/lib/libXrender.so.1.3.0
7f4febead000-7f4febeae000 rwxp 00009000 08:03 13504                      /usr/lib/libXrender.so.1.3.0
7f4febeae000-7f4febeb7000 r-xs 00000000 08:03 89793                      /var/cache/fontconfig/945677eb7aeaf62f1d50efc3fb3ec7d8-x86-64.cache-2
7f4febeb7000-7f4febeba000 r-xs 00000000 08:03 522599                     /var/cache/fontconfig/e383d7ea5fbe662a33d9b44caf393297-x86-64.cache-2
7f4febeba000-7f4febebe000 r-xs 00000000 08:03 74163                      /var/cache/fontconfig/a755afe4a08bf5b97852ceb7400b47bc-x86-64.cache-2
7f4febebe000-7f4febec7000 r-xs 00000000 08:03 74161                      /var/cache/fontconfig/6d41288fd70b0be22e8c3a91e032eec0-x86-64.cache-2
7f4febec7000-7f4febed2000 r-xs 00000000 08:03 74159                      /var/cache/fontconfig/e3de0de479f42330eadf588a55fb5bf4-x86-64.cache-2
7f4febed2000-7f4febf00000 r-xs 00000000 08:03 74155                      /var/cache/fontconfig/365b55f210c0a22e9a19e35191240f32-x86-64.cache-2
7f4febfcd000-7f4febfd6000 r-xp 00000000 08:03 25459                      /usr/lib/libXcursor.so.1.0.2
7f4febfd6000-7f4fec1d6000 ---p 00009000 08:03 25459                      /usr/lib/libXcursor.so.1.0.2
7f4fec1d6000-7f4fec1d7000 rwxp 00009000 08:03 25459                      /usr/lib/libXcursor.so.1.0.2
7f4fec1f8000-7f4fec8f8000 rwxp 7f4fec1f8000 00:00 0 
7f4fec8f8000-7f4fec976000 r-xp 00000000 08:03 178839                     /usr/lib/jvm/java-6-sun-1.6.0.10/jre/lib/amd64/libfontmanager.so
7f4fec976000-7f4feca75000 ---p 0007e000 08:03 178839                     /usr/lib/jvm/java-6-sun-1.6.0.10/jre/lib/amd64/libfontmanager.so
7f4feca75000-7f4feca8b000 rwxp 0007d000 08:03 178839                     /usr/lib/jvm/java-6-sun-1.6.0.10/jre/lib/amd64/libfontmanager.so
7f4feca8b000-7f4fecb9c000 rwxp 7f4feca8b000 00:00 0 
7f4fecb9c000-7f4fecba1000 r-xp 00000000 08:03 5892                       /usr/lib/libXdmcp.so.6.0.0
7f4fecba1000-7f4fecda0000 ---p 00005000 08:03 5892                       /usr/lib/libXdmcp.so.6.0.0
7f4fecda0000-7f4fecda1000 rwxp 00004000 08:03 5892                       /usr/lib/libXdmcp.so.6.0.0
7f4fecda1000-7f4fecdbc000 r-xp 00000000 08:03 98603                      /usr/lib/libxcb.so.1.0.0
7f4fecdbc000-7f4fecfbb000 ---p 0001b000 08:03 98603                      /usr/lib/libxcb.so.1.0.0
7f4fecfbb000-7f4fecfbc000 r-xp 0001a000 08:03 98603                      /usr/lib/libxcb.so.1.0.0
7f4fecfbc000-7f4fecfbd000 rwxp 0001b000 08:03 98603                      /usr/lib/libxcb.so.1.0.0
7f4fecfbd000-7f4fecfbe000 r-xp 00000000 08:03 140240                     /usr/lib/libxcb-xlib.so.0.0.0
7f4fecfbe000-7f4fed1bd000 ---p 00001000 08:03 140240                     /usr/lib/libxcb-xlib.so.0.0.0
7f4fed1bd000-7f4fed1be000 r-xp 00000000 08:03 140240                     /usr/lib/libxcb-xlib.so.0.0.0
7f4fed1be000-7f4fed1bf000 rwxp 00001000 08:03 140240                     /usr/lib/libxcb-xlib.so.0.0.0
7f4fed1bf000-7f4fed1c1000 r-xp 00000000 08:03 5810                       /usr/lib/libXau.so.6.0.0
7f4fed1c1000-7f4fed3c0000 ---p 00002000 08:03 5810                       /usr/lib/libXau.so.6.0.0
7f4fed3c0000-7f4fed3c1000 rwxp 00001000 08:03 5810                       /usr/lib/libXau.so.6.0.0
7f4fed3c1000-7f4fed3ca000 r-xp 00000000 08:03 141211                     /usr/lib/libXi.so.6.0.0
7f4fed3ca000-7f4fed5ca000 ---p 00009000 08:03 141211                     /usr/lib/libXi.so.6.0.0
7f4fed5ca000-7f4fed5cb000 r-xp 00009000 08:03 141211                     /usr/lib/libXi.so.6.0.0
7f4fed5cb000-7f4fed5cc000 rwxp 0000a000 08:03 141211                     /usr/lib/libXi.so.6.0.0
7f4fed5cc000-7f4fed5d1000 r-xp 00000000 08:03 33235                      /usr/lib/libXtst.so.6.1.0
7f4fed5d1000-7f4fed7d1000 ---p 00005000 08:03 33235                      /usr/lib/libXtst.so.6.1.0
7f4fed7d1000-7f4fed7d2000 rwxp 00005000 08:03 33235                      /usr/lib/libXtst.so.6.1.0
7f4fed7d2000-7f4fed8d5000 r-xp 00000000 08:03 13463                      /usr/lib/libX11.so.6.2.0
7f4fed8d5000-7f4fedad5000 ---p 00103000 08:03 13463                      /usr/lib/libX11.so.6.2.0
7f4fedad5000-7f4fedad6000 r-xp 00103000 08:03 13463                      /usr/lib/libX11.so.6.2.0
7f4fedad6000-7f4fedada000 rwxp 00104000 08:03 13463                      /usr/lib/libX11.so.6.2.0
7f4fedada000-7f4fedaea000 r-xp 00000000 08:03 61542                      /usr/lib/libXext.so.6.4.0
7f4fedaea000-7f4fedcea000 ---p 00010000 08:03 61542                      /usr/lib/libXext.so.6.4.0
7f4fedcea000-7f4fedcec000 rwxp 00010000 08:03 61542                      /usr/lib/libXext.so.6.4.0
7f4fedcec000-7f4fedcee000 r-xs 00000000 08:03 361814                     /var/cache/fontconfig/c69f04ab05004e31a6d5e715764f16d8-x86-64.cache-2
7f4fedcee000-7f4fedcf2000 r-xs 00000000 08:03 89727                      /var/cache/fontconfig/6eb3985aa4124903f6ff08ba781cd364-x86-64.cache-2
7f4fedcf2000-7f4fedd01000 r-xs 00000000 08:03 754949                     /var/cache/fontconfig/0f34bcd4b6ee430af32735b75db7f02b-x86-64.cache-2
7f4fedd01000-7f4fedd04000 r-xs 00000000 08:03 196372                     /var/cache/fontconfig/de9486f0b47a4d768a594cb4198cb1c6-x86-64.cache-2
7f4fedd04000-7f4fedd0d000 r-xs 00000000 08:03 58798                      /var/cache/fontconfig/d52a8644073d54c13679302ca1180695-x86-64.cache-2
7f4fedd0d000-7f4fedd4e000 r-xp 00000000 08:03 178829                     /usr/lib/jvm/java-6-sun-1.6.0.10/jre/lib/amd64/xawt/libmawt.so
7f4fedd4e000-7f4fede4d000 ---p 00041000 08:03 178829                     /usr/lib/jvm/java-6-sun-1.6.0.10/jre/lib/amd64/xawt/libmawt.so
7f4fede4d000-7f4fede59000 rwxp 00040000 08:03 178829                     /usr/lib/jvm/java-6-sun-1.6.0.10/jre/lib/amd64/xawt/libmawt.so
7f4fede59000-7f4fede5a000 rwxp 7f4fede59000 00:00 0 
7f4fede5a000-7f4fedee4000 r-xp 00000000 08:03 178871                     /usr/lib/jvm/java-6-sun-1.6.0.10/jre/lib/amd64/libawt.so
7f4fedee4000-7f4fedfe3000 ---p 0008a000 08:03 178871                     /usr/lib/jvm/java-6-sun-1.6.0.10/jre/lib/amd64/libawt.so
7f4fedfe3000-7f4fedffc000 rwxp 00089000 08:03 178871                     /usr/lib/jvm/java-6-sun-1.6.0.10/jre/lib/amd64/libawt.so
7f4fedffc000-7f4fee020000 rwxp 7f4fedffc000 00:00 0 
7f4fee020000-7f4fee023000 r-xp 00000000 08:03 178864                     /usr/lib/jvm/java-6-sun-1.6.0.10/jre/lib/amd64/libdt_socket.so
7f4fee023000-7f4fee122000 ---p 00003000 08:03 178864                     /usr/lib/jvm/java-6-sun-1.6.0.10/jre/lib/amd64/libdt_socket.so
7f4fee122000-7f4fee124000 rwxp 00002000 08:03 178864                     /usr/lib/jvm/java-6-sun-1.6.0.10/jre/lib/amd64/libdt_socket.so
7f4fee124000-7f4fee187000 rwxp 7f4fee124000 00:00 0 
7f4fee187000-7f4fee317000 r-xs 02eed000 08:03 178904                     /usr/lib/jvm/java-6-sun-1.6.0.10/jre/lib/rt.jar
7f4fee317000-7f4fee322000 rwxp 7f4fee317000 00:00 0 
7f4fee322000-7f4fee3bd000 rwxp 7f4fee322000 00:00 0 
7f4fee3bd000-7f4fee3c8000 rwxp 7f4fee3bd000 00:00 0 
7f4fee3c8000-7f4fee3e7000 rwxp 7f4fee3c8000 00:00 0 
7f4fee3e7000-7f4fee3f2000 rwxp 7f4fee3e7000 00:00 0 
7f4fee3f2000-7f4fee48c000 rwxp 7f4fee3f2000 00:00 0 
7f4fee48c000-7f4fee492000 rwxp 7f4fee48c000 00:00 0 
7f4fee492000-7f4fee4df000 rwxp 7f4fee492000 00:00 0 
7f4fee4df000-7f4fef9a0000 rwxp 7f4fee4df000 00:00 0 
7f4fef9a0000-7f4ff38e0000 rwxp 7f4fef9a0000 00:00 0 
7f4ff38e0000-7f4ff4d80000 rwxp 7f4ff38e0000 00:00 0 
7f4ff4d80000-7f5008390000 rwxp 7f4ff4d80000 00:00 0 
7f5008390000-7f5008de0000 rwxp 7f5008390000 00:00 0 
7f5008de0000-7f50128e0000 rwxp 7f5008de0000 00:00 0 
7f50128e1000-7f50128e8000 r-xs 00000000 08:03 74122                      /var/cache/fontconfig/089dead882dea3570ffc31a9898cfb69-x86-64.cache-2
7f50128e8000-7f50128f2000 rwxp 7f50128e8000 00:00 0 
7f50128f2000-7f50129a8000 rwxp 7f50128f2000 00:00 0 
7f50129a8000-7f5012c18000 rwxp 7f50129a8000 00:00 0 
7f5012c18000-7f50159a8000 rwxp 7f5012c18000 00:00 0 
7f50159a8000-7f50159b6000 r-xp 00000000 08:03 178841                     /usr/lib/jvm/java-6-sun-1.6.0.10/jre/lib/amd64/libzip.so
7f50159b6000-7f5015ab8000 ---p 0000e000 08:03 178841                     /usr/lib/jvm/java-6-sun-1.6.0.10/jre/lib/amd64/libzip.so
7f5015ab8000-7f5015abb000 rwxp 00010000 08:03 178841                     /usr/lib/jvm/java-6-sun-1.6.0.10/jre/lib/amd64/libzip.so
7f5015abb000-7f5015abc000 rwxp 7f5015abb000 00:00 0 
7f5015abc000-7f5015ae5000 r-xp 00000000 08:03 178854                     /usr/lib/jvm/java-6-sun-1.6.0.10/jre/lib/amd64/libjava.so
7f5015ae5000-7f5015be4000 ---p 00029000 08:03 178854                     /usr/lib/jvm/java-6-sun-1.6.0.10/jre/lib/amd64/libjava.so
7f5015be4000-7f5015beb000 rwxp 00028000 08:03 178854                     /usr/lib/jvm/java-6-sun-1.6.0.10/jre/lib/amd64/libjava.so
7f5015beb000-7f5015bf8000 r-xp 00000000 08:03 178836                     /usr/lib/jvm/java-6-sun-1.6.0.10/jre/lib/amd64/libverify.so
7f5015bf8000-7f5015cf7000 ---p 0000d000 08:03 178836                     /usr/lib/jvm/java-6-sun-1.6.0.10/jre/lib/amd64/libverify.so
7f5015cf7000-7f5015cfa000 rwxp 0000c000 08:03 178836                     /usr/lib/jvm/java-6-sun-1.6.0.10/jre/lib/amd64/libverify.so
7f5015cfa000-7f5015d05000 r-xp 00000000 08:03 138509                     /lib/libnss_files-2.8.90.so
7f5015d05000-7f5015f04000 ---p 0000b000 08:03 138509                     /lib/libnss_files-2.8.90.so
7f5015f04000-7f5015f05000 r-xp 0000a000 08:03 138509                     /lib/libnss_files-2.8.90.so
7f5015f05000-7f5015f06000 rwxp 0000b000 08:03 138509                     /lib/libnss_files-2.8.90.so
7f5015f06000-7f5015f10000 r-xp 00000000 08:03 138511                     /lib/libnss_nis-2.8.90.so
7f5015f10000-7f501610f000 ---p 0000a000 08:03 138511                     /lib/libnss_nis-2.8.90.so
7f501610f000-7f5016110000 r-xp 00009000 08:03 138511                     /lib/libnss_nis-2.8.90.so
7f5016110000-7f5016111000 rwxp 0000a000 08:03 138511                     /lib/libnss_nis-2.8.90.so
7f5016111000-7f5016119000 r-xp 00000000 08:03 138507                     /lib/libnss_compat-2.8.90.so
7f5016119000-7f5016318000 ---p 00008000 08:03 138507                     /lib/libnss_compat-2.8.90.so
7f5016318000-7f5016319000 r-xp 00007000 08:03 138507                     /lib/libnss_compat-2.8.90.so
7f5016319000-7f501631a000 rwxp 00008000 08:03 138507                     /lib/libnss_compat-2.8.90.so
7f501631a000-7f50163fb000 r-xp 00000000 08:03 5220                       /usr/lib/locale/en_US.utf8/LC_COLLATE
7f50163fb000-7f50163fe000 r-xp 00000000 08:03 178833                     /usr/lib/jvm/java-6-sun-1.6.0.10/jre/lib/amd64/libnpt.so
7f50163fe000-7f50164fd000 ---p 00003000 08:03 178833                     /usr/lib/jvm/java-6-sun-1.6.0.10/jre/lib/amd64/libnpt.so
7f50164fd000-7f50164fe000 rwxp 00002000 08:03 178833                     /usr/lib/jvm/java-6-sun-1.6.0.10/jre/lib/amd64/libnpt.so
7f50164fe000-7f5016534000 r-xp 00000000 08:03 178857                     /usr/lib/jvm/java-6-sun-1.6.0.10/jre/lib/amd64/libjdwp.so
7f5016534000-7f5016633000 ---p 00036000 08:03 178857                     /usr/lib/jvm/java-6-sun-1.6.0.10/jre/lib/amd64/libjdwp.so
7f5016633000-7f501663c000 rwxp 00035000 08:03 178857                     /usr/lib/jvm/java-6-sun-1.6.0.10/jre/lib/amd64/libjdwp.so
7f501663c000-7f501663d000 rwxp 7f501663c000 00:00 0 
7f501663d000-7f5016653000 r-xp 00000000 08:03 138506                     /lib/libnsl-2.8.90.so
7f5016653000-7f5016852000 ---p 00016000 08:03 138506                     /lib/libnsl-2.8.90.so
7f5016852000-7f5016853000 r-xp 00015000 08:03 138506                     /lib/libnsl-2.8.90.so
7f5016853000-7f5016854000 rwxp 00016000 08:03 138506                     /lib/libnsl-2.8.90.so
7f5016854000-7f5016856000 rwxp 7f5016854000 00:00 0 
7f5016856000-7f501685d000 r-xp 00000000 08:03 178843                     /usr/lib/jvm/java-6-sun-1.6.0.10/jre/lib/amd64/native_threads/libhpi.so
7f501685d000-7f501695e000 ---p 00007000 08:03 178843                     /usr/lib/jvm/java-6-sun-1.6.0.10/jre/lib/amd64/native_threads/libhpi.so
7f501695e000-7f5016960000 rwxp 00008000 08:03 178843                     /usr/lib/jvm/java-6-sun-1.6.0.10/jre/lib/amd64/native_threads/libhpi.so
7f5016960000-7f5016961000 rwxp 7f5016960000 00:00 0 
7f5016961000-7f5016969000 r-xp 00000000 08:03 138516                     /lib/librt-2.8.90.so
7f5016969000-7f5016b68000 ---p 00008000 08:03 138516                     /lib/librt-2.8.90.so
7f5016b68000-7f5016b69000 r-xp 00007000 08:03 138516                     /lib/librt-2.8.90.so
7f5016b69000-7f5016b6a000 rwxp 00008000 08:03 138516                     /lib/librt-2.8.90.so
7f5016b6a000-7f5016bee000 r-xp 00000000 08:03 138504                     /lib/libm-2.8.90.so
7f5016bee000-7f5016ded000 ---p 00084000 08:03 138504                     /lib/libm-2.8.90.so
7f5016ded000-7f5016dee000 r-xp 00083000 08:03 138504                     /lib/libm-2.8.90.so
7f5016dee000-7f5016def000 rwxp 00084000 08:03 138504                     /lib/libm-2.8.90.so
7f5016def000-7f501747c000 r-xp 00000000 08:03 178860                     /usr/lib/jvm/java-6-sun-1.6.0.10/jre/lib/amd64/server/libjvm.so
7f501747c000-7f501757b000 ---p 0068d000 08:03 178860                     /usr/lib/jvm/java-6-sun-1.6.0.10/jre/lib/amd64/server/libjvm.so
7f501757b000-7f50176cc000 rwxp 0068c000 08:03 178860                     /usr/lib/jvm/java-6-sun-1.6.0.10/jre/lib/amd64/server/libjvm.so
7f50176cc000-7f5017709000 rwxp 7f50176cc000 00:00 0 
7f5017709000-7f5017872000 r-xp 00000000 08:03 138500                     /lib/libc-2.8.90.so
7f5017872000-7f5017a71000 ---p 00169000 08:03 138500                     /lib/libc-2.8.90.so
7f5017a71000-7f5017a75000 r-xp 00168000 08:03 138500                     /lib/libc-2.8.90.so
7f5017a75000-7f5017a76000 rwxp 0016c000 08:03 138500                     /lib/libc-2.8.90.so
7f5017a76000-7f5017a7b000 rwxp 7f5017a76000 00:00 0 
7f5017a7b000-7f5017a7d000 r-xp 00000000 08:03 138503                     /lib/libdl-2.8.90.so
7f5017a7d000-7f5017c7d000 ---p 00002000 08:03 138503                     /lib/libdl-2.8.90.so
7f5017c7d000-7f5017c7e000 r-xp 00002000 08:03 138503                     /lib/libdl-2.8.90.so
7f5017c7e000-7f5017c7f000 rwxp 00003000 08:03 138503                     /lib/libdl-2.8.90.so
7f5017c7f000-7f5017c96000 r-xp 00000000 08:03 138514                     /lib/libpthread-2.8.90.so
7f5017c96000-7f5017e95000 ---p 00017000 08:03 138514                     /lib/libpthread-2.8.90.so
7f5017e95000-7f5017e96000 r-xp 00016000 08:03 138514                     /lib/libpthread-2.8.90.so
7f5017e96000-7f5017e97000 rwxp 00017000 08:03 138514                     /lib/libpthread-2.8.90.so
7f5017e97000-7f5017e9b000 rwxp 7f5017e97000 00:00 0 
7f5017e9b000-7f5017eba000 r-xp 00000000 08:03 138497                     /lib/ld-2.8.90.so
7f5017eba000-7f5017ec4000 r-xs 00000000 08:03 47666                      /var/cache/fontconfig/e13b20fdb08344e0e664864cc2ede53d-x86-64.cache-2
7f5017ec4000-7f5017f2a000 rwxp 7f5017ec4000 00:00 0 
7f5017f2a000-7f5017f49000 rwxp 7f5017f2a000 00:00 0 
7f5017f49000-7f5017f88000 r-xp 00000000 08:03 4568                       /usr/lib/locale/en_US.utf8/LC_CTYPE
7f5017f88000-7f5017f8a000 rwxp 7f5017f88000 00:00 0 
7f5017f8a000-7f5017f91000 r-xp 00000000 08:03 178827                     /usr/lib/jvm/java-6-sun-1.6.0.10/jre/lib/amd64/jli/libjli.so
7f5017f91000-7f5018092000 ---p 00007000 08:03 178827                     /usr/lib/jvm/java-6-sun-1.6.0.10/jre/lib/amd64/jli/libjli.so
7f5018092000-7f5018094000 rwxp 00008000 08:03 178827                     /usr/lib/jvm/java-6-sun-1.6.0.10/jre/lib/amd64/jli/libjli.so
7f5018094000-7f5018095000 rwxp 7f5018094000 00:00 0 
7f5018096000-7f5018097000 r-xs 00000000 08:03 74165                      /var/cache/fontconfig/4c73fe0c47614734b17d736dbde7580a-x86-64.cache-2
7f5018097000-7f501809a000 r-xs 00000000 08:03 74160                      /var/cache/fontconfig/de156ccd2eddbdc19d37a45b8b2aac9c-x86-64.cache-2
7f501809a000-7f501809b000 r-xs 00000000 08:03 47660                      /var/cache/fontconfig/4794a0821666d79190d59a36cb4f44b5-x86-64.cache-2
7f501809b000-7f50180a3000 rwxs 00000000 08:03 567698                     /tmp/hsperfdata_sherlock/11341
7f50180a3000-7f50180a4000 r-xp 00000000 08:03 4734                       /usr/lib/locale/en_US.utf8/LC_NUMERIC
7f50180a4000-7f50180a5000 r-xp 00000000 08:03 4779                       /usr/lib/locale/en_US.utf8/LC_TIME
7f50180a5000-7f50180a6000 r-xp 00000000 08:03 7601                       /usr/lib/locale/en_US.utf8/LC_MONETARY
7f50180a6000-7f50180a7000 r-xp 00000000 08:03 9820                       /usr/lib/locale/en_US.utf8/LC_MESSAGES/SYS_LC_MESSAGES
7f50180a7000-7f50180a8000 r-xp 00000000 08:03 9827                       /usr/lib/locale/en_US.utf8/LC_PAPER
7f50180a8000-7f50180a9000 r-xp 00000000 08:03 9858                       /usr/lib/locale/en_US.utf8/LC_NAME
7f50180a9000-7f50180aa000 r-xp 00000000 08:03 10034                      /usr/lib/locale/en_US.utf8/LC_ADDRESS
7f50180aa000-7f50180ab000 r-xp 00000000 08:03 10035                      /usr/lib/locale/en_US.utf8/LC_TELEPHONE
7f50180ab000-7f50180ac000 r-xp 00000000 08:03 10036                      /usr/lib/locale/en_US.utf8/LC_MEASUREMENT
7f50180ac000-7f50180b3000 r-xs 00000000 08:03 109493                     /usr/lib/gconv/gconv-modules.cache
7f50180b3000-7f50180b4000 r-xp 00000000 08:03 10037                      /usr/lib/locale/en_US.utf8/LC_IDENTIFICATION
7f50180b4000-7f50180b5000 rwxp 7f50180b4000 00:00 0 
7f50180b5000-7f50180b6000 r-xp 7f50180b5000 00:00 0 
7f50180b6000-7f50180b9000 rwxp 7f50180b6000 00:00 0 
7f50180b9000-7f50180ba000 r-xp 0001e000 08:03 138497                     /lib/ld-2.8.90.so
7f50180ba000-7f50180bb000 rwxp 0001f000 08:03 138497                     /lib/ld-2.8.90.so
7fff200a5000-7fff200ba000 rwxp 7ffffffea000 00:00 0                      [stack]
7fff201fe000-7fff201ff000 r-xp 7fff201fe000 00:00 0                      [vdso]
ffffffffff600000-ffffffffff601000 r-xp 00000000 00:00 0                  [vsyscall]

VM Arguments:
jvm_args: -agentlib:jdwp=transport=dt_socket,suspend=y,address=localhost:58013 -Dfile.encoding=UTF-8 
java_command: Chess
Launcher Type: SUN_STANDARD

Environment Variables:
PATH=/usr/local/sbin:/usr/local/bin:/usr/sbin:/usr/bin:/sbin:/bin:/usr/games
USERNAME=sherlock
LD_LIBRARY_PATH=/usr/lib/jvm/java-6-sun-1.6.0.10/jre/lib/amd64/server:/usr/lib/jvm/java-6-sun-1.6.0.10/jre/lib/amd64:/usr/lib/jvm/java-6-sun-1.6.0.10/jre/../lib/amd64:/usr/lib64/xulrunner-addons
SHELL=/bin/bash
DISPLAY=:0.0

Signal Handlers:
SIGSEGV: [libjvm.so+0x5fcb20], sa_mask[0]=0x7ffbfeff, sa_flags=0x10000004
SIGBUS: [libjvm.so+0x5fcb20], sa_mask[0]=0x7ffbfeff, sa_flags=0x10000004
SIGFPE: [libjvm.so+0x4e0d10], sa_mask[0]=0x7ffbfeff, sa_flags=0x10000004
SIGPIPE: [libjvm.so+0x4e0d10], sa_mask[0]=0x7ffbfeff, sa_flags=0x10000004
SIGXFSZ: [libjvm.so+0x4e0d10], sa_mask[0]=0x7ffbfeff, sa_flags=0x10000004
SIGILL: [libjvm.so+0x4e0d10], sa_mask[0]=0x7ffbfeff, sa_flags=0x10000004
SIGUSR1: SIG_DFL, sa_mask[0]=0x00000000, sa_flags=0x00000000
SIGUSR2: [libjvm.so+0x4e3430], sa_mask[0]=0x00000004, sa_flags=0x10000004
SIGHUP: [libjvm.so+0x4e3180], sa_mask[0]=0x7ffbfeff, sa_flags=0x10000004
SIGINT: [libjvm.so+0x4e3180], sa_mask[0]=0x7ffbfeff, sa_flags=0x10000004
SIGTERM: [libjvm.so+0x4e3180], sa_mask[0]=0x7ffbfeff, sa_flags=0x10000004
SIGQUIT: [libjvm.so+0x4e3180], sa_mask[0]=0x7ffbfeff, sa_flags=0x10000004


---------------  S Y S T E M  ---------------

OS:lenny/sid

uname:Linux 2.6.27-7-generic #1 SMP Tue Nov 4 19:33:06 UTC 2008 x86_64
libc:glibc 2.8.90 NPTL 2.8.90 
rlimit: STACK 8192k, CORE 0k, NPROC 16135, NOFILE 1024, AS infinity
load average:0.99 0.62 0.53

CPU:total 2 (2 cores per cpu, 1 threads per core) family 6 model 15 stepping 6, cmov, cx8, fxsr, mmx, sse, sse2, sse3, ssse3

Memory: 4k page, physical 2025564k(484064k free), swap 0k(0k free)

vm_info: Java HotSpot(TM) 64-Bit Server VM (11.0-b15) for linux-amd64 JRE (1.6.0_10-b33), built on Sep 26 2008 01:10:29 by "java_re" with gcc 3.2.2 (SuSE Linux)

time: Sun Nov  9 02:32:31 2008
elapsed time: 159 seconds

